Wed, 09 Oct 2013 12:20:41 +0000	[256]MySQL Error[1054]: Unknown column 'seller_name' in 'where clause'
MySQL Query:SELECT COUNT(*) as c FROM ecm_funds funds WHERE 1=1  AND seller_name LIKE '%rainstown%'
Wrong File:  C:\xampp171\htdocs\ecmall\eccore\model\mysql.php[458]	\eccore\model\mysql.php	286
Wed, 09 Oct 2013 12:20:53 +0000	[256]MySQL Error[1054]: Unknown column 'buyer_name' in 'where clause'
MySQL Query:SELECT COUNT(*) as c FROM ecm_funds funds WHERE 1=1  AND buyer_name LIKE '%rainstown%'
Wrong File:  C:\xampp171\htdocs\ecmall\eccore\model\mysql.php[458]	\eccore\model\mysql.php	286
Wed, 09 Oct 2013 14:27:57 +0000	[2]Missing argument 1 for AccountApp::checkPayCheckCode(), called in C:\xampp171\htdocs\ecmall\app\account.app.php on line 163 and defined	\app\account.app.php	802
Wed, 09 Oct 2013 14:30:26 +0000	[2]Missing argument 1 for AccountApp::checkPayCheckCode(), called in C:\xampp171\htdocs\ecmall\app\account.app.php on line 163 and defined	\app\account.app.php	802
Wed, 09 Oct 2013 14:31:16 +0000	[2]Missing argument 1 for AccountApp::checkPayCheckCode(), called in C:\xampp171\htdocs\ecmall\app\account.app.php on line 163 and defined	\app\account.app.php	802
Wed, 09 Oct 2013 15:37:14 +0000	[256]MySQL Error[1062]: Duplicate entry '11' for key 'PRIMARY'
MySQL Query:INSERT INTO ecm_funds(funds_id,type,money,user_id,user_name,create_time,create_user) VALUES('11','A','','2','rainstown','1381333034','2')
Wrong File:  C:\xampp171\htdocs\ecmall\eccore\model\mysql.php[271]	\eccore\model\mysql.php	286
Wed, 09 Oct 2013 15:38:27 +0000	[256]MySQL Error[1054]: Unknown column 'user_name' in 'field list'
MySQL Query:INSERT INTO ecm_funds_log(funds_id,type,money,user_id,user_name,create_time,create_user) VALUES('12','A','1','2','rainstown','1381333107','2')
Wrong File:  C:\xampp171\htdocs\ecmall\eccore\model\model.base.php[298]	\eccore\model\mysql.php	286
Tue, 15 Oct 2013 13:39:32 +0000	[2]fsockopen() [<a href='function.fsockopen'>function.fsockopen</a>]: unable to connect to :25 (”…”⁄¡¨Ω”∑Ω‘⁄“ª∂Œ ±º‰∫Û√ª”–’˝»∑¥∏¥ªÚ¡¨Ω”µƒ÷˜ª˙√ª”–∑¥”¶£¨¡¨Ω”≥¢ ‘ ß∞‹°£
)	\includes\libraries\class.smtp.php	89
Tue, 15 Oct 2013 13:44:48 +0000	[2]filemtime() [<a href='function.filemtime'>function.filemtime</a>]: stat failed for C:\xampp171\htdocs\ecmall/data/crond.lock	\includes\libraries\cron.lib.php	132
Tue, 15 Oct 2013 14:10:05 +0000	[2]fsockopen() [<a href='function.fsockopen'>function.fsockopen</a>]: unable to connect to :25 (”…”⁄¡¨Ω”∑Ω‘⁄“ª∂Œ ±º‰∫Û√ª”–’˝»∑¥∏¥ªÚ¡¨Ω”µƒ÷˜ª˙√ª”–∑¥”¶£¨¡¨Ω”≥¢ ‘ ß∞‹°£
)	\includes\libraries\class.smtp.php	89
Tue, 15 Oct 2013 16:05:05 +0000	[256]MySQL Error[1054]: Unknown column 'auth_id' in 'field list'
MySQL Query:SELECT email, password, real_name, logins, ugrade, portrait, store_id, state, sgrade , feed_config, auth_id, auth_state,member.user_id FROM ecm_member member LEFT JOIN ecm_store s ON member.user_id=s.store_id WHERE member.user_id = '1'
Wrong File:  C:\xampp171\htdocs\ecmall\eccore\model\mysql.php[534]	\eccore\model\mysql.php	286
Tue, 15 Oct 2013 16:05:21 +0000	[256]MySQL Error[1054]: Unknown column 'auth_id' in 'field list'
MySQL Query:SELECT email, password, real_name, logins, ugrade, portrait, store_id, state, sgrade , feed_config, auth_id, auth_state,member.user_id FROM ecm_member member LEFT JOIN ecm_store s ON member.user_id=s.store_id WHERE member.user_id = '1'
Wrong File:  C:\xampp171\htdocs\ecmall\eccore\model\mysql.php[534]	\eccore\model\mysql.php	286
Tue, 15 Oct 2013 17:35:28 +0000	[256]MySQL Error[1064]: You have an error in your SQL syntax; check the manual that corresponds to your MySQL server version for the right syntax to use near '' at line 1
MySQL Query:UPDATE ecm_bank SET caution_money = caution_money - 
Wrong File:  C:\xampp171\htdocs\ecmall\eccore\model\model.base.php[522]	\eccore\model\mysql.php	286
Tue, 15 Oct 2013 17:36:05 +0000	[256]MySQL Error[1064]: You have an error in your SQL syntax; check the manual that corresponds to your MySQL server version for the right syntax to use near '' at line 1
MySQL Query:UPDATE ecm_bank SET caution_money = caution_money - 
Wrong File:  C:\xampp171\htdocs\ecmall\eccore\model\model.base.php[522]	\eccore\model\mysql.php	286
Tue, 15 Oct 2013 17:37:21 +0000	[256]MySQL Error[1064]: You have an error in your SQL syntax; check the manual that corresponds to your MySQL server version for the right syntax to use near '' at line 1
MySQL Query:UPDATE ecm_bank SET caution_money = caution_money - 
Wrong File:  C:\xampp171\htdocs\ecmall\eccore\model\model.base.php[522]	\eccore\model\mysql.php	286
Wed, 16 Oct 2013 16:22:08 +0000	[2]filemtime() [<a href='function.filemtime'>function.filemtime</a>]: stat failed for C:\xampp171\htdocs\ecmall/data/crond.lock	\includes\libraries\cron.lib.php	132
Wed, 16 Oct 2013 16:36:12 +0000	[2]include(C:\xampp171\htdocs\ecmall/includes/ordertypes/auction.otype.php) [<a href='function.include'>function.include</a>]: failed to open stream: No such file or directory	\includes\global.lib.php	65
Wed, 16 Oct 2013 16:55:41 +0000	[2]Missing argument 1 for BaseModel::get(), called in C:\xampp171\htdocs\ecmall\admin\app\auction.app.php on line 420 and defined	\eccore\model\model.base.php	95
Wed, 16 Oct 2013 16:56:15 +0000	[2]Missing argument 1 for BaseModel::get(), called in C:\xampp171\htdocs\ecmall\admin\app\auction.app.php on line 421 and defined	\eccore\model\model.base.php	95
Wed, 23 Oct 2013 17:28:38 +0000	[256]MySQL Error[1064]: You have an error in your SQL syntax; check the manual that corresponds to your MySQL server version for the right syntax to use near '17:28:38, p.update_user= 2
                WHERE p.pay_id = 27 AND p.status = 20' at line 4
MySQL Query:UPDATE ecm_pay p 
                INNER JOIN ecm_bank b ON p.buyer_id = b.bank_id 
                SET p.status = 40, b.caution_money = b.caution_money - p.money ,
                p.update_time = 2013-10-23 17:28:38, p.update_user= 2
                WHERE p.pay_id = 27 AND p.status = 20
Wrong File:  C:\xampp171\htdocs\ecmall\includes\models\bank.model.php[81]	\eccore\model\mysql.php	286
Wed, 23 Oct 2013 17:29:42 +0000	[256]MySQL Error[1064]: You have an error in your SQL syntax; check the manual that corresponds to your MySQL server version for the right syntax to use near '17:29:42, p.update_user= 2
                WHERE p.pay_id = 28 AND p.status = 20' at line 4
MySQL Query:UPDATE ecm_pay p 
                INNER JOIN ecm_bank b ON p.buyer_id = b.bank_id 
                SET p.status = 40, b.caution_money = b.caution_money - p.money ,
                p.update_time = 2013-10-23 17:29:42, p.update_user= 2
                WHERE p.pay_id = 28 AND p.status = 20
Wrong File:  C:\xampp171\htdocs\ecmall\includes\models\bank.model.php[81]	\eccore\model\mysql.php	286
Wed, 23 Oct 2013 17:29:51 +0000	[256]MySQL Error[1064]: You have an error in your SQL syntax; check the manual that corresponds to your MySQL server version for the right syntax to use near '17:29:51, p.update_user= 2
                WHERE p.pay_id = 29 AND p.status = 20' at line 4
MySQL Query:UPDATE ecm_pay p 
                INNER JOIN ecm_bank b ON p.buyer_id = b.bank_id 
                SET p.status = 40, b.caution_money = b.caution_money - p.money ,
                p.update_time = 2013-10-23 17:29:51, p.update_user= 2
                WHERE p.pay_id = 29 AND p.status = 20
Wrong File:  C:\xampp171\htdocs\ecmall\includes\models\bank.model.php[81]	\eccore\model\mysql.php	286
Wed, 23 Oct 2013 17:38:07 +0000	[256]MySQL Error[1054]: Unknown column 'buy_id' in 'field list'
MySQL Query:INSERT INTO ecm_pay(order_id,type,money,buy_id,buy_name,seller_name,seller_id,pay_name,status,create_time,create_user) VALUES('2_1','U','100','2','rainstown','Âπ≥Âè∞‰∏≠ÂøÉ','0','‰∏äÊû∂Ë¥π','20','2013-10-23 17:38:07','2')
Wrong File:  C:\xampp171\htdocs\ecmall\eccore\model\model.base.php[298]	\eccore\model\mysql.php	286
Wed, 23 Oct 2013 17:44:52 +0000	[256]MySQL Error[1054]: Unknown column 'ar.records_id' in 'field list'
MySQL Query:SELECT ag.*, g.goods_name, ar.price, ar.user_id, ar.records_id FROM ecm_auction_goods AS ag
			INNER JOIN ecm_goods AS g ON g.goods_id = ag.goods_id
			INNER JOIN ecm_auction_records AS ar ON ar.goods_id = g.goods_id AND ar.auction_id = ag.auction_id
		 WHERE  ar.user_id = 2
			AND ag.end_time >= "2013-10-24"
			AND ag.status ="V"
		 GROUP BY g.goods_id  ORDER BY ar.create_time DESC LIMIT 0,1
Wrong File:  C:\xampp171\htdocs\ecmall\eccore\model\mysql.php[508]	\eccore\model\mysql.php	286
Wed, 23 Oct 2013 17:45:53 +0000	[256]MySQL Error[1054]: Unknown column 'ar.keep' in 'field list'
MySQL Query:SELECT  g.goods_name, ar.price, ar.keep, ar.pay_status, ar.order_id, ar.records_id, ar.create_time FROM ecm_goods AS g
			INNER JOIN ecm_auction_goods AS ag ON ag.goods_id = g.goods_id
			INNER JOIN ecm_auction_records AS ar ON ar.goods_id = g.goods_id AND ar.auction_id = ag.auction_id
		 
			WHERE ag.owner = 2 AND ar.status="V" AND ag.end_time < "2013-10-24" 
			GROUP BY  g.goods_id
			ORDER BY ar.create_time DESC
			LIMIT 0,10
		
Wrong File:  C:\xampp171\htdocs\ecmall\eccore\model\mysql.php[508]	\eccore\model\mysql.php	286
Wed, 23 Oct 2013 17:46:41 +0000	[256]MySQL Error[1054]: Unknown column 'ar.keep' in 'field list'
MySQL Query:SELECT  g.goods_name, ar.price, ar.keep, ar.pay_status, ar.order_id, ar.records_id, ar.create_time FROM ecm_goods AS g
			INNER JOIN ecm_auction_goods AS ag ON ag.goods_id = g.goods_id
			INNER JOIN ecm_auction_records AS ar ON ar.goods_id = g.goods_id AND ar.auction_id = ag.auction_id
		 
			WHERE ag.owner = 2 AND ar.status="V" AND ag.end_time < "2013-10-24" 
			GROUP BY  g.goods_id
			ORDER BY ar.create_time DESC
			LIMIT 0,10
		
Wrong File:  C:\xampp171\htdocs\ecmall\eccore\model\mysql.php[508]	\eccore\model\mysql.php	286
Wed, 23 Oct 2013 17:46:43 +0000	[256]MySQL Error[1054]: Unknown column 'ar.keep' in 'field list'
MySQL Query:SELECT  g.goods_name, ar.price, ar.keep, ar.pay_status, ar.order_id, ar.records_id, ar.create_time FROM ecm_goods AS g
			INNER JOIN ecm_auction_goods AS ag ON ag.goods_id = g.goods_id
			INNER JOIN ecm_auction_records AS ar ON ar.goods_id = g.goods_id AND ar.auction_id = ag.auction_id
		 
			WHERE ag.owner = 2 AND ar.status="V" AND ag.end_time < "2013-10-24" 
			GROUP BY  g.goods_id
			ORDER BY ar.create_time DESC
			LIMIT 0,10
		
Wrong File:  C:\xampp171\htdocs\ecmall\eccore\model\mysql.php[508]	\eccore\model\mysql.php	286
Wed, 23 Oct 2013 17:46:43 +0000	[256]MySQL Error[1054]: Unknown column 'ar.keep' in 'field list'
MySQL Query:SELECT  g.goods_name, ar.price, ar.keep, ar.pay_status, ar.order_id, ar.records_id, ar.create_time FROM ecm_goods AS g
			INNER JOIN ecm_auction_goods AS ag ON ag.goods_id = g.goods_id
			INNER JOIN ecm_auction_records AS ar ON ar.goods_id = g.goods_id AND ar.auction_id = ag.auction_id
		 
			WHERE ag.owner = 2 AND ar.status="V" AND ag.end_time < "2013-10-24" 
			GROUP BY  g.goods_id
			ORDER BY ar.create_time DESC
			LIMIT 0,10
		
Wrong File:  C:\xampp171\htdocs\ecmall\eccore\model\mysql.php[508]	\eccore\model\mysql.php	286
Wed, 23 Oct 2013 17:46:43 +0000	[256]MySQL Error[1054]: Unknown column 'ar.keep' in 'field list'
MySQL Query:SELECT  g.goods_name, ar.price, ar.keep, ar.pay_status, ar.order_id, ar.records_id, ar.create_time FROM ecm_goods AS g
			INNER JOIN ecm_auction_goods AS ag ON ag.goods_id = g.goods_id
			INNER JOIN ecm_auction_records AS ar ON ar.goods_id = g.goods_id AND ar.auction_id = ag.auction_id
		 
			WHERE ag.owner = 2 AND ar.status="V" AND ag.end_time < "2013-10-24" 
			GROUP BY  g.goods_id
			ORDER BY ar.create_time DESC
			LIMIT 0,10
		
Wrong File:  C:\xampp171\htdocs\ecmall\eccore\model\mysql.php[508]	\eccore\model\mysql.php	286
Wed, 23 Oct 2013 17:47:18 +0000	[256]MySQL Error[1054]: Unknown column 'ag.owner' in 'where clause'
MySQL Query:SELECT  g.goods_name, ar.price, ar.keep, ar.pay_status, ar.order_id, ar.records_id, ar.create_time FROM ecm_goods AS g
			INNER JOIN ecm_auction_goods AS ag ON ag.goods_id = g.goods_id
			INNER JOIN ecm_auction_records AS ar ON ar.goods_id = g.goods_id AND ar.auction_id = ag.auction_id
		 
			WHERE ag.owner = 2 AND ar.status="V" AND ag.end_time < "2013-10-24" 
			GROUP BY  g.goods_id
			ORDER BY ar.create_time DESC
			LIMIT 0,10
		
Wrong File:  C:\xampp171\htdocs\ecmall\eccore\model\mysql.php[508]	\eccore\model\mysql.php	286
Wed, 23 Oct 2013 17:47:18 +0000	[256]MySQL Error[1054]: Unknown column 'ag.owner' in 'where clause'
MySQL Query:SELECT  g.goods_name, ar.price, ar.keep, ar.pay_status, ar.order_id, ar.records_id, ar.create_time FROM ecm_goods AS g
			INNER JOIN ecm_auction_goods AS ag ON ag.goods_id = g.goods_id
			INNER JOIN ecm_auction_records AS ar ON ar.goods_id = g.goods_id AND ar.auction_id = ag.auction_id
		 
			WHERE ag.owner = 2 AND ar.status="V" AND ag.end_time < "2013-10-24" 
			GROUP BY  g.goods_id
			ORDER BY ar.create_time DESC
			LIMIT 0,10
		
Wrong File:  C:\xampp171\htdocs\ecmall\eccore\model\mysql.php[508]	\eccore\model\mysql.php	286
Wed, 30 Oct 2013 13:00:18 +0000	[256]MySQL Error[1064]: You have an error in your SQL syntax; check the manual that corresponds to your MySQL server version for the right syntax to use near '' at line 1
MySQL Query:SELECT *,gs.spec_id FROM ecm_goods_spec gs WHERE goods_id=
Wrong File:  C:\xampp171\htdocs\ecmall\eccore\model\mysql.php[534]	\eccore\model\mysql.php	286
Wed, 30 Oct 2013 13:10:24 +0000	[256]MySQL Error[1054]: Unknown column 'goods.auction_id' in 'field list'
MySQL Query:SELECT store.store_id, store.store_name, goods.goods_id, goods.goods_name, goods.default_image, records.price
                    ,records.pay_status, records.status AS records_status ,goods.auction_id
                    FROM ecm_auction_records records INNER JOIN   ecm_goods goods ON records.goods_id = goods.goods_id 
                        INNER JOIN ecm_store store ON store.store_id = goods.store_id 
                    WHERE records.records_id = 9
Wrong File:  C:\xampp171\htdocs\ecmall\eccore\model\mysql.php[589]	\eccore\model\mysql.php	286
Wed, 30 Oct 2013 13:53:49 +0000	[2]fsockopen() [<a href='function.fsockopen'>function.fsockopen</a>]: unable to connect to :25 (”…”⁄¡¨Ω”∑Ω‘⁄“ª∂Œ ±º‰∫Û√ª”–’˝»∑¥∏¥ªÚ¡¨Ω”µƒ÷˜ª˙√ª”–∑¥”¶£¨¡¨Ω”≥¢ ‘ ß∞‹°£
)	\includes\libraries\class.smtp.php	89
